<?xml version="1.0" encoding="UTF-8"?>
<!-- Generated by org.testng.reporters.JUnitXMLReporter -->
<testsuite hostname="Divya-PC" ignored="0" name="Open Cart Login Page Test" tests="5" failures="0" timestamp="22 Jun 2022 22:12:03 GMT" time="16.119" errors="0">
  <testcase name="loginPageTitleTest" time="0.122" classname="com.qa.opencart.tests.LoginPageTests"/>
  <testcase name="loginPageUrlTest" time="0.017" classname="com.qa.opencart.tests.LoginPageTests"/>
  <testcase name="isForgottenPasswordLinkExists" time="0.164" classname="com.qa.opencart.tests.LoginPageTests"/>
  <testcase name="isRegisterLinkExists" time="0.068" classname="com.qa.opencart.tests.LoginPageTests"/>
  <testcase name="loginTest" time="1.133" classname="com.qa.opencart.tests.LoginPageTests"/>
</testsuite> <!-- Open Cart Login Page Test -->
